0 verbose cli /usr/local/bin/node /usr/local/bin/npm
1 info using npm@10.9.3
2 info using node@v22.18.0
3 silly config load:file:/usr/local/lib/node_modules/npm/npmrc
4 silly config load:file:/Users/moon-mac/Desktop/성경앱 dev/git.report/.npmrc
5 silly config load:file:/Users/moon-mac/.npmrc
6 silly config load:file:/Users/moon-mac/.npm-global/etc/npmrc
7 verbose title npm run build:dev
8 verbose argv "run" "build:dev"
9 verbose logfile logs-max:10 dir:/Users/moon-mac/Desktop/성경앱 dev/git.report/.npm-cache/_logs/2026-02-25T02_59_15_888Z-
10 verbose logfile /Users/moon-mac/Desktop/성경앱 dev/git.report/.npm-cache/_logs/2026-02-25T02_59_15_888Z-debug-0.log
11 silly logfile start cleaning logs, removing 1 files
12 silly logfile done cleaning log files
13 verbose stack Error: Missing script: "build:dev"
13 verbose stack
13 verbose stack To see a list of scripts, run:
13 verbose stack   npm run
13 verbose stack     at #run (/usr/local/lib/node_modules/npm/lib/commands/run-script.js:111:13)
13 verbose stack     at async RunScript.exec (/usr/local/lib/node_modules/npm/lib/commands/run-script.js:40:7)
13 verbose stack     at async Npm.exec (/usr/local/lib/node_modules/npm/lib/npm.js:207:9)
13 verbose stack     at async module.exports (/usr/local/lib/node_modules/npm/lib/cli/entry.js:74:5)
14 error Missing script: "build:dev"
14 error
14 error To see a list of scripts, run:
14 error   npm run
15 verbose cwd /Users/moon-mac/Desktop/성경앱 dev/git.report
16 verbose os Darwin 24.6.0
17 verbose node v22.18.0
18 verbose npm  v10.9.3
19 verbose exit 1
20 verbose code 1
21 error A complete log of this run can be found in: /Users/moon-mac/Desktop/성경앱 dev/git.report/.npm-cache/_logs/2026-02-25T02_59_15_888Z-debug-0.log
