0 verbose cli /usr/local/bin/node /usr/local/bin/npm
1 info using npm@10.9.3
2 info using node@v22.18.0
3 silly config load:file:/usr/local/lib/node_modules/npm/npmrc
4 silly config load:file:/Users/moon-mac/Desktop/성경앱 dev/git.report/.npmrc
5 silly config load:file:/Users/moon-mac/.npmrc
6 silly config load:file:/Users/moon-mac/.npm-global/etc/npmrc
7 verbose title npm install
8 verbose argv "install"
9 verbose logfile logs-max:10 dir:/Users/moon-mac/Desktop/성경앱 dev/git.report/.npm-cache/_logs/2026-02-25T02_21_51_750Z-
10 verbose logfile /Users/moon-mac/Desktop/성경앱 dev/git.report/.npm-cache/_logs/2026-02-25T02_21_51_750Z-debug-0.log
11 silly logfile start cleaning logs, removing 1 files
12 silly packumentCache heap:2197815296 maxSize:549453824 maxEntrySize:274726912
13 silly logfile done cleaning log files
14 silly idealTree buildDeps
15 verbose shrinkwrap failed to load node_modules/.package-lock.json out of date, updated: node_modules
16 silly reify moves {}
17 silly audit bulk request {
17 silly audit   '@babel/code-frame': [ '7.29.0' ],
17 silly audit   '@babel/compat-data': [ '7.29.0' ],
17 silly audit   '@babel/core': [ '7.29.0' ],
17 silly audit   '@babel/generator': [ '7.29.1' ],
17 silly audit   '@babel/helper-compilation-targets': [ '7.28.6' ],
17 silly audit   '@babel/helper-globals': [ '7.28.0' ],
17 silly audit   '@babel/helper-module-imports': [ '7.28.6' ],
17 silly audit   '@babel/helper-module-transforms': [ '7.28.6' ],
17 silly audit   '@babel/helper-plugin-utils': [ '7.28.6' ],
17 silly audit   '@babel/helper-string-parser': [ '7.27.1' ],
17 silly audit   '@babel/helper-validator-identifier': [ '7.28.5' ],
17 silly audit   '@babel/helper-validator-option': [ '7.27.1' ],
17 silly audit   '@babel/helpers': [ '7.28.6' ],
17 silly audit   '@babel/parser': [ '7.29.0' ],
17 silly audit   '@babel/plugin-transform-react-jsx-self': [ '7.27.1' ],
17 silly audit   '@babel/plugin-transform-react-jsx-source': [ '7.27.1' ],
17 silly audit   '@babel/template': [ '7.28.6' ],
17 silly audit   '@babel/traverse': [ '7.29.0' ],
17 silly audit   '@babel/types': [ '7.29.0' ],
17 silly audit   '@esbuild/aix-ppc64': [ '0.21.5' ],
17 silly audit   '@esbuild/android-arm': [ '0.21.5' ],
17 silly audit   '@esbuild/android-arm64': [ '0.21.5' ],
17 silly audit   '@esbuild/android-x64': [ '0.21.5' ],
17 silly audit   '@esbuild/darwin-arm64': [ '0.21.5' ],
17 silly audit   '@esbuild/darwin-x64': [ '0.21.5' ],
17 silly audit   '@esbuild/freebsd-arm64': [ '0.21.5' ],
17 silly audit   '@esbuild/freebsd-x64': [ '0.21.5' ],
17 silly audit   '@esbuild/linux-arm': [ '0.21.5' ],
17 silly audit   '@esbuild/linux-arm64': [ '0.21.5' ],
17 silly audit   '@esbuild/linux-ia32': [ '0.21.5' ],
17 silly audit   '@esbuild/linux-loong64': [ '0.21.5' ],
17 silly audit   '@esbuild/linux-mips64el': [ '0.21.5' ],
17 silly audit   '@esbuild/linux-ppc64': [ '0.21.5' ],
17 silly audit   '@esbuild/linux-riscv64': [ '0.21.5' ],
17 silly audit   '@esbuild/linux-s390x': [ '0.21.5' ],
17 silly audit   '@esbuild/linux-x64': [ '0.21.5' ],
17 silly audit   '@esbuild/netbsd-x64': [ '0.21.5' ],
17 silly audit   '@esbuild/openbsd-x64': [ '0.21.5' ],
17 silly audit   '@esbuild/sunos-x64': [ '0.21.5' ],
17 silly audit   '@esbuild/win32-arm64': [ '0.21.5' ],
17 silly audit   '@esbuild/win32-ia32': [ '0.21.5' ],
17 silly audit   '@esbuild/win32-x64': [ '0.21.5' ],
17 silly audit   '@eslint-community/eslint-utils': [ '4.9.1' ],
17 silly audit   '@eslint-community/regexpp': [ '4.12.2' ],
17 silly audit   '@eslint/eslintrc': [ '2.1.4' ],
17 silly audit   '@eslint/js': [ '8.57.1' ],
17 silly audit   '@firebase/analytics': [ '0.10.8' ],
17 silly audit   '@firebase/analytics-compat': [ '0.2.14' ],
17 silly audit   '@firebase/analytics-types': [ '0.8.2' ],
17 silly audit   '@firebase/app': [ '0.10.13' ],
17 silly audit   '@firebase/app-check': [ '0.8.8' ],
17 silly audit   '@firebase/app-check-compat': [ '0.3.15' ],
17 silly audit   '@firebase/app-check-interop-types': [ '0.3.2' ],
17 silly audit   '@firebase/app-check-types': [ '0.5.2' ],
17 silly audit   '@firebase/app-compat': [ '0.2.43' ],
17 silly audit   '@firebase/app-types': [ '0.9.2' ],
17 silly audit   '@firebase/auth-compat': [ '0.5.14' ],
17 silly audit   '@firebase/auth': [ '1.7.9' ],
17 silly audit   '@firebase/auth-interop-types': [ '0.2.3' ],
17 silly audit   '@firebase/auth-types': [ '0.12.2' ],
17 silly audit   '@firebase/component': [ '0.6.9' ],
17 silly audit   '@firebase/data-connect': [ '0.1.0' ],
17 silly audit   '@firebase/database': [ '1.0.8' ],
17 silly audit   '@firebase/database-compat': [ '1.0.8' ],
17 silly audit   '@firebase/database-types': [ '1.0.5' ],
17 silly audit   '@firebase/firestore': [ '4.7.3' ],
17 silly audit   '@firebase/firestore-compat': [ '0.3.38' ],
17 silly audit   '@firebase/firestore-types': [ '3.0.2' ],
17 silly audit   '@firebase/functions': [ '0.11.8' ],
17 silly audit   '@firebase/functions-compat': [ '0.3.14' ],
17 silly audit   '@firebase/functions-types': [ '0.6.2' ],
17 silly audit   '@firebase/installations': [ '0.6.9' ],
17 silly audit   '@firebase/installations-compat': [ '0.2.9' ],
17 silly audit   '@firebase/installations-types': [ '0.5.2' ],
17 silly audit   '@firebase/logger': [ '0.4.2' ],
17 silly audit   '@firebase/messaging': [ '0.12.12' ],
17 silly audit   '@firebase/messaging-compat': [ '0.2.12' ],
17 silly audit   '@firebase/messaging-interop-types': [ '0.2.2' ],
17 silly audit   '@firebase/performance': [ '0.6.9' ],
17 silly audit   '@firebase/performance-compat': [ '0.2.9' ],
17 silly audit   '@firebase/performance-types': [ '0.2.2' ],
17 silly audit   '@firebase/remote-config': [ '0.4.9' ],
17 silly audit   '@firebase/remote-config-compat': [ '0.2.9' ],
17 silly audit   '@firebase/remote-config-types': [ '0.3.2' ],
17 silly audit   '@firebase/storage': [ '0.13.2' ],
17 silly audit   '@firebase/storage-compat': [ '0.3.12' ],
17 silly audit   '@firebase/storage-types': [ '0.8.2' ],
17 silly audit   '@firebase/util': [ '1.10.0' ],
17 silly audit   '@firebase/vertexai-preview': [ '0.0.4' ],
17 silly audit   '@firebase/webchannel-wrapper': [ '1.0.1' ],
17 silly audit   '@grpc/grpc-js': [ '1.9.15' ],
17 silly audit   '@grpc/proto-loader': [ '0.7.15' ],
17 silly audit   '@humanwhocodes/config-array': [ '0.13.0' ],
17 silly audit   '@humanwhocodes/module-importer': [ '1.0.1' ],
17 silly audit   '@humanwhocodes/object-schema': [ '2.0.3' ],
17 silly audit   '@jridgewell/gen-mapping': [ '0.3.13' ],
17 silly audit   '@jridgewell/remapping': [ '2.3.5' ],
17 silly audit   '@jridgewell/resolve-uri': [ '3.1.2' ],
17 silly audit   '@jridgewell/sourcemap-codec': [ '1.5.5' ],
17 silly audit   '@jridgewell/trace-mapping': [ '0.3.31' ],
17 silly audit   '@nodelib/fs.scandir': [ '2.1.5' ],
17 silly audit   '@nodelib/fs.stat': [ '2.0.5' ],
17 silly audit   '@nodelib/fs.walk': [ '1.2.8' ],
17 silly audit   '@protobufjs/aspromise': [ '1.1.2' ],
17 silly audit   '@protobufjs/base64': [ '1.1.2' ],
17 silly audit   '@protobufjs/codegen': [ '2.0.4' ],
17 silly audit   '@protobufjs/eventemitter': [ '1.1.0' ],
17 silly audit   '@protobufjs/fetch': [ '1.1.0' ],
17 silly audit   '@protobufjs/float': [ '1.0.2' ],
17 silly audit   '@protobufjs/inquire': [ '1.1.0' ],
17 silly audit   '@protobufjs/path': [ '1.1.2' ],
17 silly audit   '@protobufjs/pool': [ '1.1.0' ],
17 silly audit   '@protobufjs/utf8': [ '1.1.0' ],
17 silly audit   '@remix-run/router': [ '1.23.2' ],
17 silly audit   '@rolldown/pluginutils': [ '1.0.0-beta.27' ],
17 silly audit   '@rollup/rollup-android-arm-eabi': [ '4.57.1' ],
17 silly audit   '@rollup/rollup-android-arm64': [ '4.57.1' ],
17 silly audit   '@rollup/rollup-darwin-arm64': [ '4.57.1' ],
17 silly audit   '@rollup/rollup-darwin-x64': [ '4.57.1' ],
17 silly audit   '@rollup/rollup-freebsd-arm64': [ '4.57.1' ],
17 silly audit   '@rollup/rollup-freebsd-x64': [ '4.57.1' ],
17 silly audit   '@rollup/rollup-linux-arm-gnueabihf': [ '4.57.1' ],
17 silly audit   '@rollup/rollup-linux-arm-musleabihf': [ '4.57.1' ],
17 silly audit   '@rollup/rollup-linux-arm64-gnu': [ '4.57.1' ],
17 silly audit   '@rollup/rollup-linux-arm64-musl': [ '4.57.1' ],
17 silly audit   '@rollup/rollup-linux-loong64-gnu': [ '4.57.1' ],
17 silly audit   '@rollup/rollup-linux-loong64-musl': [ '4.57.1' ],
17 silly audit   '@rollup/rollup-linux-ppc64-gnu': [ '4.57.1' ],
17 silly audit   '@rollup/rollup-linux-ppc64-musl': [ '4.57.1' ],
17 silly audit   '@rollup/rollup-linux-riscv64-gnu': [ '4.57.1' ],
17 silly audit   '@rollup/rollup-linux-riscv64-musl': [ '4.57.1' ],
17 silly audit   '@rollup/rollup-linux-s390x-gnu': [ '4.57.1' ],
17 silly audit   '@rollup/rollup-linux-x64-gnu': [ '4.57.1' ],
17 silly audit   '@rollup/rollup-linux-x64-musl': [ '4.57.1' ],
17 silly audit   '@rollup/rollup-openbsd-x64': [ '4.57.1' ],
17 silly audit   '@rollup/rollup-openharmony-arm64': [ '4.57.1' ],
17 silly audit   '@rollup/rollup-win32-arm64-msvc': [ '4.57.1' ],
17 silly audit   '@rollup/rollup-win32-ia32-msvc': [ '4.57.1' ],
17 silly audit   '@rollup/rollup-win32-x64-gnu': [ '4.57.1' ],
17 silly audit   '@rollup/rollup-win32-x64-msvc': [ '4.57.1' ],
17 silly audit   '@types/babel__core': [ '7.20.5' ],
17 silly audit   '@types/babel__generator': [ '7.27.0' ],
17 silly audit   '@types/babel__template': [ '7.4.4' ],
17 silly audit   '@types/babel__traverse': [ '7.28.0' ],
17 silly audit   '@types/estree': [ '1.0.8' ],
17 silly audit   '@types/node': [ '25.2.2' ],
17 silly audit   '@types/prop-types': [ '15.7.15' ],
17 silly audit   '@types/react': [ '18.3.28' ],
17 silly audit   '@types/react-dom': [ '18.3.7' ],
17 silly audit   '@ungap/structured-clone': [ '1.3.0' ],
17 silly audit   '@vitejs/plugin-react': [ '4.7.0' ],
17 silly audit   acorn: [ '8.15.0' ],
17 silly audit   'acorn-jsx': [ '5.3.2' ],
17 silly audit   'adler-32': [ '1.3.1' ],
17 silly audit   ajv: [ '6.12.6' ],
17 silly audit   'ansi-regex': [ '5.0.1' ],
17 silly audit   'ansi-styles': [ '4.3.0' ],
17 silly audit   argparse: [ '2.0.1' ],
17 silly audit   'array-buffer-byte-length': [ '1.0.2' ],
17 silly audit   'array-includes': [ '3.1.9' ],
17 silly audit   'array.prototype.findlast': [ '1.2.5' ],
17 silly audit   'array.prototype.flat': [ '1.3.3' ],
17 silly audit   'array.prototype.flatmap': [ '1.3.3' ],
17 silly audit   'array.prototype.tosorted': [ '1.1.4' ],
17 silly audit   'arraybuffer.prototype.slice': [ '1.0.4' ],
17 silly audit   'async-function': [ '1.0.0' ],
17 silly audit   'available-typed-arrays': [ '1.0.7' ],
17 silly audit   'balanced-match': [ '1.0.2' ],
17 silly audit   'baseline-browser-mapping': [ '2.9.19' ],
17 silly audit   'brace-expansion': [ '1.1.12' ],
17 silly audit   browserslist: [ '4.28.1' ],
17 silly audit   'call-bind': [ '1.0.8' ],
17 silly audit   'call-bind-apply-helpers': [ '1.0.2' ],
17 silly audit   'call-bound': [ '1.0.4' ],
17 silly audit   callsites: [ '3.1.0' ],
17 silly audit   'caniuse-lite': [ '1.0.30001769' ],
17 silly audit   cfb: [ '1.2.2' ],
17 silly audit   chalk: [ '4.1.2' ],
17 silly audit   cliui: [ '8.0.1' ],
17 silly audit   codepage: [ '1.15.0' ],
17 silly audit   'color-convert': [ '2.0.1' ],
17 silly audit   'color-name': [ '1.1.4' ],
17 silly audit   'concat-map': [ '0.0.1' ],
17 silly audit   'convert-source-map': [ '2.0.0' ],
17 silly audit   'crc-32': [ '1.2.2' ],
17 silly audit   'cross-spawn': [ '7.0.6' ],
17 silly audit   csstype: [ '3.2.3' ],
17 silly audit   'data-view-buffer': [ '1.0.2' ],
17 silly audit   'data-view-byte-length': [ '1.0.2' ],
17 silly audit   'data-view-byte-offset': [ '1.0.1' ],
17 silly audit   debug: [ '4.4.3' ],
17 silly audit   'deep-is': [ '0.1.4' ],
17 silly audit   'define-data-property': [ '1.1.4' ],
17 silly audit   'define-properties': [ '1.2.1' ],
17 silly audit   doctrine: [ '3.0.0', '2.1.0' ],
17 silly audit   'dunder-proto': [ '1.0.1' ],
17 silly audit   'electron-to-chromium': [ '1.5.286' ],
17 silly audit   'emoji-regex': [ '8.0.0' ],
17 silly audit   'es-abstract': [ '1.24.1' ],
17 silly audit   'es-define-property': [ '1.0.1' ],
17 silly audit   'es-errors': [ '1.3.0' ],
17 silly audit   'es-iterator-helpers': [ '1.2.2' ],
17 silly audit   'es-object-atoms': [ '1.1.1' ],
17 silly audit   'es-set-tostringtag': [ '2.1.0' ],
17 silly audit   'es-shim-unscopables': [ '1.1.0' ],
17 silly audit   'es-to-primitive': [ '1.3.0' ],
17 silly audit   esbuild: [ '0.21.5' ],
17 silly audit   escalade: [ '3.2.0' ],
17 silly audit   'escape-string-regexp': [ '4.0.0' ],
17 silly audit   eslint: [ '8.57.1' ],
17 silly audit   'eslint-plugin-react': [ '7.37.5' ],
17 silly audit   'eslint-plugin-react-hooks': [ '4.6.2' ],
17 silly audit   'eslint-plugin-react-refresh': [ '0.4.26' ],
17 silly audit   'eslint-scope': [ '7.2.2' ],
17 silly audit   'eslint-visitor-keys': [ '3.4.3' ],
17 silly audit   espree: [ '9.6.1' ],
17 silly audit   esquery: [ '1.7.0' ],
17 silly audit   esrecurse: [ '4.3.0' ],
17 silly audit   estraverse: [ '5.3.0' ],
17 silly audit   esutils: [ '2.0.3' ],
17 silly audit   'fast-deep-equal': [ '3.1.3' ],
17 silly audit   'fast-json-stable-stringify': [ '2.1.0' ],
17 silly audit   'fast-levenshtein': [ '2.0.6' ],
17 silly audit   fastq: [ '1.20.1' ],
17 silly audit   'faye-websocket': [ '0.11.4' ],
17 silly audit   'file-entry-cache': [ '6.0.1' ],
17 silly audit   'find-up': [ '5.0.0' ],
17 silly audit   firebase: [ '10.14.1' ],
17 silly audit   'flat-cache': [ '3.2.0' ],
17 silly audit   flatted: [ '3.3.3' ],
17 silly audit   'for-each': [ '0.3.5' ],
17 silly audit   frac: [ '1.1.2' ],
17 silly audit   'fs.realpath': [ '1.0.0' ],
17 silly audit   fsevents: [ '2.3.3' ],
17 silly audit   'function-bind': [ '1.1.2' ],
17 silly audit   'function.prototype.name': [ '1.1.8' ],
17 silly audit   'functions-have-names': [ '1.2.3' ],
17 silly audit   'generator-function': [ '2.0.1' ],
17 silly audit   gensync: [ '1.0.0-beta.2' ],
17 silly audit   'get-caller-file': [ '2.0.5' ],
17 silly audit   'get-intrinsic': [ '1.3.0' ],
17 silly audit   'get-proto': [ '1.0.1' ],
17 silly audit   'get-symbol-description': [ '1.1.0' ],
17 silly audit   glob: [ '7.2.3' ],
17 silly audit   'glob-parent': [ '6.0.2' ],
17 silly audit   globals: [ '13.24.0' ],
17 silly audit   globalthis: [ '1.0.4' ],
17 silly audit   gopd: [ '1.2.0' ],
17 silly audit   graphemer: [ '1.4.0' ],
17 silly audit   'has-bigints': [ '1.1.0' ],
17 silly audit   'has-flag': [ '4.0.0' ],
17 silly audit   'has-property-descriptors': [ '1.0.2' ],
17 silly audit   'has-proto': [ '1.2.0' ],
17 silly audit   'has-symbols': [ '1.1.0' ],
17 silly audit   'has-tostringtag': [ '1.0.2' ],
17 silly audit   hasown: [ '2.0.2' ],
17 silly audit   'http-parser-js': [ '0.5.10' ],
17 silly audit   idb: [ '7.1.1' ],
17 silly audit   ignore: [ '5.3.2' ],
17 silly audit   'import-fresh': [ '3.3.1' ],
17 silly audit   imurmurhash: [ '0.1.4' ],
17 silly audit   inflight: [ '1.0.6' ],
17 silly audit   inherits: [ '2.0.4' ],
17 silly audit   'internal-slot': [ '1.1.0' ],
17 silly audit   'is-array-buffer': [ '3.0.5' ],
17 silly audit   'is-async-function': [ '2.1.1' ],
17 silly audit   'is-bigint': [ '1.1.0' ],
17 silly audit   'is-boolean-object': [ '1.2.2' ],
17 silly audit   'is-callable': [ '1.2.7' ],
17 silly audit   'is-core-module': [ '2.16.1' ],
17 silly audit   'is-data-view': [ '1.0.2' ],
17 silly audit   'is-date-object': [ '1.1.0' ],
17 silly audit   'is-extglob': [ '2.1.1' ],
17 silly audit   'is-finalizationregistry': [ '1.1.1' ],
17 silly audit   'is-fullwidth-code-point': [ '3.0.0' ],
17 silly audit   'is-generator-function': [ '1.1.2' ],
17 silly audit   'is-glob': [ '4.0.3' ],
17 silly audit   'is-map': [ '2.0.3' ],
17 silly audit   'is-negative-zero': [ '2.0.3' ],
17 silly audit   'is-number-object': [ '1.1.1' ],
17 silly audit   'is-path-inside': [ '3.0.3' ],
17 silly audit   'is-regex': [ '1.2.1' ],
17 silly audit   'is-set': [ '2.0.3' ],
17 silly audit   'is-shared-array-buffer': [ '1.0.4' ],
17 silly audit   'is-string': [ '1.1.1' ],
17 silly audit   'is-symbol': [ '1.1.1' ],
17 silly audit   'is-typed-array': [ '1.1.15' ],
17 silly audit   'is-weakmap': [ '2.0.2' ],
17 silly audit   'is-weakref': [ '1.1.1' ],
17 silly audit   'is-weakset': [ '2.0.4' ],
17 silly audit   isarray: [ '2.0.5' ],
17 silly audit   isexe: [ '2.0.0' ],
17 silly audit   'iterator.prototype': [ '1.1.5' ],
17 silly audit   'js-tokens': [ '4.0.0' ],
17 silly audit   'js-yaml': [ '4.1.1' ],
17 silly audit   jsesc: [ '3.1.0' ],
17 silly audit   'json-buffer': [ '3.0.1' ],
17 silly audit   'json-schema-traverse': [ '0.4.1' ],
17 silly audit   'json-stable-stringify-without-jsonify': [ '1.0.1' ],
17 silly audit   json5: [ '2.2.3' ],
17 silly audit   'jsx-ast-utils': [ '3.3.5' ],
17 silly audit   keyv: [ '4.5.4' ],
17 silly audit   levn: [ '0.4.1' ],
17 silly audit   'locate-path': [ '6.0.0' ],
17 silly audit   'lodash.camelcase': [ '4.3.0' ],
17 silly audit   'lodash.merge': [ '4.6.2' ],
17 silly audit   long: [ '5.3.2' ],
17 silly audit   'loose-envify': [ '1.4.0' ],
17 silly audit   'lru-cache': [ '5.1.1' ],
17 silly audit   'math-intrinsics': [ '1.1.0' ],
17 silly audit   minimatch: [ '3.1.2' ],
17 silly audit   ms: [ '2.1.3' ],
17 silly audit   nanoid: [ '3.3.11' ],
17 silly audit   'natural-compare': [ '1.4.0' ],
17 silly audit   'node-releases': [ '2.0.27' ],
17 silly audit   'object-assign': [ '4.1.1' ],
17 silly audit   'object-inspect': [ '1.13.4' ],
17 silly audit   'object-keys': [ '1.1.1' ],
17 silly audit   'object.assign': [ '4.1.7' ],
17 silly audit   'object.entries': [ '1.1.9' ],
17 silly audit   'object.fromentries': [ '2.0.8' ],
17 silly audit   'object.values': [ '1.2.1' ],
17 silly audit   once: [ '1.4.0' ],
17 silly audit   optionator: [ '0.9.4' ],
17 silly audit   'own-keys': [ '1.0.1' ],
17 silly audit   'p-limit': [ '3.1.0' ],
17 silly audit   'p-locate': [ '5.0.0' ],
17 silly audit   'parent-module': [ '1.0.1' ],
17 silly audit   'path-exists': [ '4.0.0' ],
17 silly audit   'path-is-absolute': [ '1.0.1' ],
17 silly audit   'path-key': [ '3.1.1' ],
17 silly audit   'path-parse': [ '1.0.7' ],
17 silly audit   picocolors: [ '1.1.1' ],
17 silly audit   'possible-typed-array-names': [ '1.1.0' ],
17 silly audit   postcss: [ '8.5.6' ],
17 silly audit   'prelude-ls': [ '1.2.1' ],
17 silly audit   'prop-types': [ '15.8.1' ],
17 silly audit   protobufjs: [ '7.5.4' ],
17 silly audit   punycode: [ '2.3.1' ],
17 silly audit   'queue-microtask': [ '1.2.3' ],
17 silly audit   react: [ '18.3.1' ],
17 silly audit   'react-dom': [ '18.3.1' ],
17 silly audit   'react-is': [ '16.13.1' ],
17 silly audit   'react-refresh': [ '0.17.0' ],
17 silly audit   'react-router': [ '6.30.3' ],
17 silly audit   'react-router-dom': [ '6.30.3' ],
17 silly audit   'reflect.getprototypeof': [ '1.0.10' ],
17 silly audit   'regexp.prototype.flags': [ '1.5.4' ],
17 silly audit   'require-directory': [ '2.1.1' ],
17 silly audit   resolve: [ '2.0.0-next.5' ],
17 silly audit   'resolve-from': [ '4.0.0' ],
17 silly audit   reusify: [ '1.1.0' ],
17 silly audit   rimraf: [ '3.0.2' ],
17 silly audit   rollup: [ '4.57.1' ],
17 silly audit   'run-parallel': [ '1.2.0' ],
17 silly audit   'safe-array-concat': [ '1.1.3' ],
17 silly audit   'safe-buffer': [ '5.2.1' ],
17 silly audit   'safe-push-apply': [ '1.0.0' ],
17 silly audit   'safe-regex-test': [ '1.1.0' ],
17 silly audit   scheduler: [ '0.23.2' ],
17 silly audit   semver: [ '6.3.1' ],
17 silly audit   'set-function-length': [ '1.2.2' ],
17 silly audit   'set-function-name': [ '2.0.2' ],
17 silly audit   'set-proto': [ '1.0.0' ],
17 silly audit   'shebang-command': [ '2.0.0' ],
17 silly audit   'shebang-regex': [ '3.0.0' ],
17 silly audit   'side-channel': [ '1.1.0' ],
17 silly audit   'side-channel-list': [ '1.0.0' ],
17 silly audit   'side-channel-map': [ '1.0.1' ],
17 silly audit   'side-channel-weakmap': [ '1.0.2' ],
17 silly audit   'source-map-js': [ '1.2.1' ],
17 silly audit   ssf: [ '0.11.2' ],
17 silly audit   'stop-iteration-iterator': [ '1.1.0' ],
17 silly audit   'string-width': [ '4.2.3' ],
17 silly audit   'string.prototype.matchall': [ '4.0.12' ],
17 silly audit   'string.prototype.repeat': [ '1.0.0' ],
17 silly audit   'string.prototype.trim': [ '1.2.10' ],
17 silly audit   'string.prototype.trimend': [ '1.0.9' ],
17 silly audit   'string.prototype.trimstart': [ '1.0.8' ],
17 silly audit   'strip-ansi': [ '6.0.1' ],
17 silly audit   'strip-json-comments': [ '3.1.1' ],
17 silly audit   'supports-color': [ '7.2.0' ],
17 silly audit   'supports-preserve-symlinks-flag': [ '1.0.0' ],
17 silly audit   'text-table': [ '0.2.0' ],
17 silly audit   tslib: [ '2.8.1' ],
17 silly audit   'type-check': [ '0.4.0' ],
17 silly audit   'type-fest': [ '0.20.2' ],
17 silly audit   'typed-array-buffer': [ '1.0.3' ],
17 silly audit   'typed-array-byte-length': [ '1.0.3' ],
17 silly audit   'typed-array-byte-offset': [ '1.0.4' ],
17 silly audit   'typed-array-length': [ '1.0.7' ],
17 silly audit   'unbox-primitive': [ '1.1.0' ],
17 silly audit   undici: [ '6.19.7' ],
17 silly audit   'undici-types': [ '7.16.0' ],
17 silly audit   'update-browserslist-db': [ '1.2.3' ],
17 silly audit   'uri-js': [ '4.4.1' ],
17 silly audit   vite: [ '5.4.21' ],
17 silly audit   'websocket-driver': [ '0.7.4' ],
17 silly audit   'websocket-extensions': [ '0.1.4' ],
17 silly audit   which: [ '2.0.2' ],
17 silly audit   'which-boxed-primitive': [ '1.1.1' ],
17 silly audit   'which-builtin-type': [ '1.2.1' ],
17 silly audit   'which-collection': [ '1.0.2' ],
17 silly audit   'which-typed-array': [ '1.1.20' ],
17 silly audit   wmf: [ '1.0.2' ],
17 silly audit   word: [ '0.3.0' ],
17 silly audit   'word-wrap': [ '1.2.5' ],
17 silly audit   'wrap-ansi': [ '7.0.0' ],
17 silly audit   wrappy: [ '1.0.2' ],
17 silly audit   xlsx: [ '0.18.5' ],
17 silly audit   y18n: [ '5.0.8' ],
17 silly audit   yallist: [ '3.1.1' ],
17 silly audit   yargs: [ '17.7.2' ],
17 silly audit   'yargs-parser': [ '21.1.1' ],
17 silly audit   'yocto-queue': [ '0.1.0' ]
17 silly audit }
18 verbose reify failed optional dependency /Users/moon-mac/Desktop/성경앱 dev/git.report/node_modules/@rollup/rollup-win32-x64-msvc
19 silly reify mark deleted [
19 silly reify   '/Users/moon-mac/Desktop/성경앱 dev/git.report/node_modules/@rollup/rollup-win32-x64-msvc'
19 silly reify ]
20 verbose reify failed optional dependency /Users/moon-mac/Desktop/성경앱 dev/git.report/node_modules/@rollup/rollup-win32-x64-gnu
21 silly reify mark deleted [
21 silly reify   '/Users/moon-mac/Desktop/성경앱 dev/git.report/node_modules/@rollup/rollup-win32-x64-gnu'
21 silly reify ]
22 verbose reify failed optional dependency /Users/moon-mac/Desktop/성경앱 dev/git.report/node_modules/@rollup/rollup-win32-ia32-msvc
23 silly reify mark deleted [
23 silly reify   '/Users/moon-mac/Desktop/성경앱 dev/git.report/node_modules/@rollup/rollup-win32-ia32-msvc'
23 silly reify ]
24 verbose reify failed optional dependency /Users/moon-mac/Desktop/성경앱 dev/git.report/node_modules/@rollup/rollup-win32-arm64-msvc
25 silly reify mark deleted [
25 silly reify   '/Users/moon-mac/Desktop/성경앱 dev/git.report/node_modules/@rollup/rollup-win32-arm64-msvc'
25 silly reify ]
26 verbose reify failed optional dependency /Users/moon-mac/Desktop/성경앱 dev/git.report/node_modules/@rollup/rollup-openharmony-arm64
27 silly reify mark deleted [
27 silly reify   '/Users/moon-mac/Desktop/성경앱 dev/git.report/node_modules/@rollup/rollup-openharmony-arm64'
27 silly reify ]
28 verbose reify failed optional dependency /Users/moon-mac/Desktop/성경앱 dev/git.report/node_modules/@rollup/rollup-openbsd-x64
29 silly reify mark deleted [
29 silly reify   '/Users/moon-mac/Desktop/성경앱 dev/git.report/node_modules/@rollup/rollup-openbsd-x64'
29 silly reify ]
30 verbose reify failed optional dependency /Users/moon-mac/Desktop/성경앱 dev/git.report/node_modules/@rollup/rollup-linux-x64-musl
31 silly reify mark deleted [
31 silly reify   '/Users/moon-mac/Desktop/성경앱 dev/git.report/node_modules/@rollup/rollup-linux-x64-musl'
31 silly reify ]
32 verbose reify failed optional dependency /Users/moon-mac/Desktop/성경앱 dev/git.report/node_modules/@rollup/rollup-linux-x64-gnu
33 silly reify mark deleted [
33 silly reify   '/Users/moon-mac/Desktop/성경앱 dev/git.report/node_modules/@rollup/rollup-linux-x64-gnu'
33 silly reify ]
34 verbose reify failed optional dependency /Users/moon-mac/Desktop/성경앱 dev/git.report/node_modules/@rollup/rollup-linux-s390x-gnu
35 silly reify mark deleted [
35 silly reify   '/Users/moon-mac/Desktop/성경앱 dev/git.report/node_modules/@rollup/rollup-linux-s390x-gnu'
35 silly reify ]
36 verbose reify failed optional dependency /Users/moon-mac/Desktop/성경앱 dev/git.report/node_modules/@rollup/rollup-linux-riscv64-musl
37 silly reify mark deleted [
37 silly reify   '/Users/moon-mac/Desktop/성경앱 dev/git.report/node_modules/@rollup/rollup-linux-riscv64-musl'
37 silly reify ]
38 verbose reify failed optional dependency /Users/moon-mac/Desktop/성경앱 dev/git.report/node_modules/@rollup/rollup-linux-riscv64-gnu
39 silly reify mark deleted [
39 silly reify   '/Users/moon-mac/Desktop/성경앱 dev/git.report/node_modules/@rollup/rollup-linux-riscv64-gnu'
39 silly reify ]
40 verbose reify failed optional dependency /Users/moon-mac/Desktop/성경앱 dev/git.report/node_modules/@rollup/rollup-linux-ppc64-musl
41 silly reify mark deleted [
41 silly reify   '/Users/moon-mac/Desktop/성경앱 dev/git.report/node_modules/@rollup/rollup-linux-ppc64-musl'
41 silly reify ]
42 verbose reify failed optional dependency /Users/moon-mac/Desktop/성경앱 dev/git.report/node_modules/@rollup/rollup-linux-ppc64-gnu
43 silly reify mark deleted [
43 silly reify   '/Users/moon-mac/Desktop/성경앱 dev/git.report/node_modules/@rollup/rollup-linux-ppc64-gnu'
43 silly reify ]
44 verbose reify failed optional dependency /Users/moon-mac/Desktop/성경앱 dev/git.report/node_modules/@rollup/rollup-linux-loong64-musl
45 silly reify mark deleted [
45 silly reify   '/Users/moon-mac/Desktop/성경앱 dev/git.report/node_modules/@rollup/rollup-linux-loong64-musl'
45 silly reify ]
46 verbose reify failed optional dependency /Users/moon-mac/Desktop/성경앱 dev/git.report/node_modules/@rollup/rollup-linux-loong64-gnu
47 silly reify mark deleted [
47 silly reify   '/Users/moon-mac/Desktop/성경앱 dev/git.report/node_modules/@rollup/rollup-linux-loong64-gnu'
47 silly reify ]
48 verbose reify failed optional dependency /Users/moon-mac/Desktop/성경앱 dev/git.report/node_modules/@rollup/rollup-linux-arm64-musl
49 silly reify mark deleted [
49 silly reify   '/Users/moon-mac/Desktop/성경앱 dev/git.report/node_modules/@rollup/rollup-linux-arm64-musl'
49 silly reify ]
50 verbose reify failed optional dependency /Users/moon-mac/Desktop/성경앱 dev/git.report/node_modules/@rollup/rollup-linux-arm64-gnu
51 silly reify mark deleted [
51 silly reify   '/Users/moon-mac/Desktop/성경앱 dev/git.report/node_modules/@rollup/rollup-linux-arm64-gnu'
51 silly reify ]
52 verbose reify failed optional dependency /Users/moon-mac/Desktop/성경앱 dev/git.report/node_modules/@rollup/rollup-linux-arm-musleabihf
53 silly reify mark deleted [
53 silly reify   '/Users/moon-mac/Desktop/성경앱 dev/git.report/node_modules/@rollup/rollup-linux-arm-musleabihf'
53 silly reify ]
54 verbose reify failed optional dependency /Users/moon-mac/Desktop/성경앱 dev/git.report/node_modules/@rollup/rollup-linux-arm-gnueabihf
55 silly reify mark deleted [
55 silly reify   '/Users/moon-mac/Desktop/성경앱 dev/git.report/node_modules/@rollup/rollup-linux-arm-gnueabihf'
55 silly reify ]
56 verbose reify failed optional dependency /Users/moon-mac/Desktop/성경앱 dev/git.report/node_modules/@rollup/rollup-freebsd-x64
57 silly reify mark deleted [
57 silly reify   '/Users/moon-mac/Desktop/성경앱 dev/git.report/node_modules/@rollup/rollup-freebsd-x64'
57 silly reify ]
58 verbose reify failed optional dependency /Users/moon-mac/Desktop/성경앱 dev/git.report/node_modules/@rollup/rollup-freebsd-arm64
59 silly reify mark deleted [
59 silly reify   '/Users/moon-mac/Desktop/성경앱 dev/git.report/node_modules/@rollup/rollup-freebsd-arm64'
59 silly reify ]
60 verbose reify failed optional dependency /Users/moon-mac/Desktop/성경앱 dev/git.report/node_modules/@rollup/rollup-darwin-x64
61 silly reify mark deleted [
61 silly reify   '/Users/moon-mac/Desktop/성경앱 dev/git.report/node_modules/@rollup/rollup-darwin-x64'
61 silly reify ]
62 verbose reify failed optional dependency /Users/moon-mac/Desktop/성경앱 dev/git.report/node_modules/@rollup/rollup-android-arm64
63 silly reify mark deleted [
63 silly reify   '/Users/moon-mac/Desktop/성경앱 dev/git.report/node_modules/@rollup/rollup-android-arm64'
63 silly reify ]
64 verbose reify failed optional dependency /Users/moon-mac/Desktop/성경앱 dev/git.report/node_modules/@rollup/rollup-android-arm-eabi
65 silly reify mark deleted [
65 silly reify   '/Users/moon-mac/Desktop/성경앱 dev/git.report/node_modules/@rollup/rollup-android-arm-eabi'
65 silly reify ]
66 verbose reify failed optional dependency /Users/moon-mac/Desktop/성경앱 dev/git.report/node_modules/@esbuild/win32-x64
67 silly reify mark deleted [
67 silly reify   '/Users/moon-mac/Desktop/성경앱 dev/git.report/node_modules/@esbuild/win32-x64'
67 silly reify ]
68 verbose reify failed optional dependency /Users/moon-mac/Desktop/성경앱 dev/git.report/node_modules/@esbuild/win32-ia32
69 silly reify mark deleted [
69 silly reify   '/Users/moon-mac/Desktop/성경앱 dev/git.report/node_modules/@esbuild/win32-ia32'
69 silly reify ]
70 verbose reify failed optional dependency /Users/moon-mac/Desktop/성경앱 dev/git.report/node_modules/@esbuild/win32-arm64
71 silly reify mark deleted [
71 silly reify   '/Users/moon-mac/Desktop/성경앱 dev/git.report/node_modules/@esbuild/win32-arm64'
71 silly reify ]
72 verbose reify failed optional dependency /Users/moon-mac/Desktop/성경앱 dev/git.report/node_modules/@esbuild/sunos-x64
73 silly reify mark deleted [
73 silly reify   '/Users/moon-mac/Desktop/성경앱 dev/git.report/node_modules/@esbuild/sunos-x64'
73 silly reify ]
74 verbose reify failed optional dependency /Users/moon-mac/Desktop/성경앱 dev/git.report/node_modules/@esbuild/openbsd-x64
75 silly reify mark deleted [
75 silly reify   '/Users/moon-mac/Desktop/성경앱 dev/git.report/node_modules/@esbuild/openbsd-x64'
75 silly reify ]
76 verbose reify failed optional dependency /Users/moon-mac/Desktop/성경앱 dev/git.report/node_modules/@esbuild/netbsd-x64
77 silly reify mark deleted [
77 silly reify   '/Users/moon-mac/Desktop/성경앱 dev/git.report/node_modules/@esbuild/netbsd-x64'
77 silly reify ]
78 verbose reify failed optional dependency /Users/moon-mac/Desktop/성경앱 dev/git.report/node_modules/@esbuild/linux-x64
79 silly reify mark deleted [
79 silly reify   '/Users/moon-mac/Desktop/성경앱 dev/git.report/node_modules/@esbuild/linux-x64'
79 silly reify ]
80 verbose reify failed optional dependency /Users/moon-mac/Desktop/성경앱 dev/git.report/node_modules/@esbuild/linux-s390x
81 silly reify mark deleted [
81 silly reify   '/Users/moon-mac/Desktop/성경앱 dev/git.report/node_modules/@esbuild/linux-s390x'
81 silly reify ]
82 verbose reify failed optional dependency /Users/moon-mac/Desktop/성경앱 dev/git.report/node_modules/@esbuild/linux-riscv64
83 silly reify mark deleted [
83 silly reify   '/Users/moon-mac/Desktop/성경앱 dev/git.report/node_modules/@esbuild/linux-riscv64'
83 silly reify ]
84 verbose reify failed optional dependency /Users/moon-mac/Desktop/성경앱 dev/git.report/node_modules/@esbuild/linux-ppc64
85 silly reify mark deleted [
85 silly reify   '/Users/moon-mac/Desktop/성경앱 dev/git.report/node_modules/@esbuild/linux-ppc64'
85 silly reify ]
86 verbose reify failed optional dependency /Users/moon-mac/Desktop/성경앱 dev/git.report/node_modules/@esbuild/linux-mips64el
87 silly reify mark deleted [
87 silly reify   '/Users/moon-mac/Desktop/성경앱 dev/git.report/node_modules/@esbuild/linux-mips64el'
87 silly reify ]
88 verbose reify failed optional dependency /Users/moon-mac/Desktop/성경앱 dev/git.report/node_modules/@esbuild/linux-loong64
89 silly reify mark deleted [
89 silly reify   '/Users/moon-mac/Desktop/성경앱 dev/git.report/node_modules/@esbuild/linux-loong64'
89 silly reify ]
90 verbose reify failed optional dependency /Users/moon-mac/Desktop/성경앱 dev/git.report/node_modules/@esbuild/linux-ia32
91 silly reify mark deleted [
91 silly reify   '/Users/moon-mac/Desktop/성경앱 dev/git.report/node_modules/@esbuild/linux-ia32'
91 silly reify ]
92 verbose reify failed optional dependency /Users/moon-mac/Desktop/성경앱 dev/git.report/node_modules/@esbuild/linux-arm64
93 silly reify mark deleted [
93 silly reify   '/Users/moon-mac/Desktop/성경앱 dev/git.report/node_modules/@esbuild/linux-arm64'
93 silly reify ]
94 verbose reify failed optional dependency /Users/moon-mac/Desktop/성경앱 dev/git.report/node_modules/@esbuild/linux-arm
95 silly reify mark deleted [
95 silly reify   '/Users/moon-mac/Desktop/성경앱 dev/git.report/node_modules/@esbuild/linux-arm'
95 silly reify ]
96 verbose reify failed optional dependency /Users/moon-mac/Desktop/성경앱 dev/git.report/node_modules/@esbuild/freebsd-x64
97 silly reify mark deleted [
97 silly reify   '/Users/moon-mac/Desktop/성경앱 dev/git.report/node_modules/@esbuild/freebsd-x64'
97 silly reify ]
98 verbose reify failed optional dependency /Users/moon-mac/Desktop/성경앱 dev/git.report/node_modules/@esbuild/freebsd-arm64
99 silly reify mark deleted [
99 silly reify   '/Users/moon-mac/Desktop/성경앱 dev/git.report/node_modules/@esbuild/freebsd-arm64'
99 silly reify ]
100 verbose reify failed optional dependency /Users/moon-mac/Desktop/성경앱 dev/git.report/node_modules/@esbuild/darwin-x64
101 silly reify mark deleted [
101 silly reify   '/Users/moon-mac/Desktop/성경앱 dev/git.report/node_modules/@esbuild/darwin-x64'
101 silly reify ]
102 verbose reify failed optional dependency /Users/moon-mac/Desktop/성경앱 dev/git.report/node_modules/@esbuild/android-x64
103 silly reify mark deleted [
103 silly reify   '/Users/moon-mac/Desktop/성경앱 dev/git.report/node_modules/@esbuild/android-x64'
103 silly reify ]
104 verbose reify failed optional dependency /Users/moon-mac/Desktop/성경앱 dev/git.report/node_modules/@esbuild/android-arm64
105 silly reify mark deleted [
105 silly reify   '/Users/moon-mac/Desktop/성경앱 dev/git.report/node_modules/@esbuild/android-arm64'
105 silly reify ]
106 verbose reify failed optional dependency /Users/moon-mac/Desktop/성경앱 dev/git.report/node_modules/@esbuild/android-arm
107 silly reify mark deleted [
107 silly reify   '/Users/moon-mac/Desktop/성경앱 dev/git.report/node_modules/@esbuild/android-arm'
107 silly reify ]
108 verbose reify failed optional dependency /Users/moon-mac/Desktop/성경앱 dev/git.report/node_modules/@esbuild/aix-ppc64
109 silly reify mark deleted [
109 silly reify   '/Users/moon-mac/Desktop/성경앱 dev/git.report/node_modules/@esbuild/aix-ppc64'
109 silly reify ]
110 http fetch POST 200 https://registry.npmjs.org/-/npm/v1/security/advisories/bulk 288ms
111 silly audit report {
111 silly audit report   ajv: [
111 silly audit report     {
111 silly audit report       id: 1113428,
111 silly audit report       url: 'https://github.com/advisories/GHSA-2g4f-4pwh-qvx6',
111 silly audit report       title: 'ajv has ReDoS when using `$data` option',
111 silly audit report       severity: 'moderate',
111 silly audit report       vulnerable_versions: '<6.14.0',
111 silly audit report       cwe: [Array],
111 silly audit report       cvss: [Object]
111 silly audit report     }
111 silly audit report   ],
111 silly audit report   esbuild: [
111 silly audit report     {
111 silly audit report       id: 1102341,
111 silly audit report       url: 'https://github.com/advisories/GHSA-67mh-4wv8-2f99',
111 silly audit report       title: 'esbuild enables any website to send any requests to the development server and read the response',
111 silly audit report       severity: 'moderate',
111 silly audit report       vulnerable_versions: '<=0.24.2',
111 silly audit report       cwe: [Array],
111 silly audit report       cvss: [Object]
111 silly audit report     }
111 silly audit report   ],
111 silly audit report   minimatch: [
111 silly audit report     {
111 silly audit report       id: 1113459,
111 silly audit report       url: 'https://github.com/advisories/GHSA-3ppc-4f35-3m26',
111 silly audit report       title: 'minimatch has a ReDoS via repeated wildcards with non-matching literal in pattern',
111 silly audit report       severity: 'high',
111 silly audit report       vulnerable_versions: '<3.1.3',
111 silly audit report       cwe: [Array],
111 silly audit report       cvss: [Object]
111 silly audit report     }
111 silly audit report   ],
111 silly audit report   undici: [
111 silly audit report     {
111 silly audit report       id: 1101609,
111 silly audit report       url: 'https://github.com/advisories/GHSA-c76h-2ccp-4975',
111 silly audit report       title: 'Use of Insufficiently Random Values in undici',
111 silly audit report       severity: 'moderate',
111 silly audit report       vulnerable_versions: '>=6.0.0 <6.21.1',
111 silly audit report       cwe: [Array],
111 silly audit report       cvss: [Object]
111 silly audit report     },
111 silly audit report     {
111 silly audit report       id: 1112496,
111 silly audit report       url: 'https://github.com/advisories/GHSA-g9mf-h72j-4rw9',
111 silly audit report       title: 'Undici has an unbounded decompression chain in HTTP responses on Node.js Fetch API via Content-Encoding leads to resource exhaustion',
111 silly audit report       severity: 'moderate',
111 silly audit report       vulnerable_versions: '<6.23.0',
111 silly audit report       cwe: [Array],
111 silly audit report       cvss: [Object]
111 silly audit report     },
111 silly audit report     {
111 silly audit report       id: 1113068,
111 silly audit report       url: 'https://github.com/advisories/GHSA-cxrh-j4jr-qwg3',
111 silly audit report       title: 'undici Denial of Service attack via bad certificate data',
111 silly audit report       severity: 'low',
111 silly audit report       vulnerable_versions: '>=6.0.0 <6.21.2',
111 silly audit report       cwe: [Array],
111 silly audit report       cvss: [Object]
111 silly audit report     }
111 silly audit report   ],
111 silly audit report   xlsx: [
111 silly audit report     {
111 silly audit report       id: 1108110,
111 silly audit report       url: 'https://github.com/advisories/GHSA-4r6h-8v6p-xvw6',
111 silly audit report       title: 'Prototype Pollution in sheetJS',
111 silly audit report       severity: 'high',
111 silly audit report       vulnerable_versions: '<0.19.3',
111 silly audit report       cwe: [Array],
111 silly audit report       cvss: [Object]
111 silly audit report     },
111 silly audit report     {
111 silly audit report       id: 1108111,
111 silly audit report       url: 'https://github.com/advisories/GHSA-5pgg-2g8v-p4x9',
111 silly audit report       title: 'SheetJS Regular Expression Denial of Service (ReDoS)',
111 silly audit report       severity: 'high',
111 silly audit report       vulnerable_versions: '<0.20.2',
111 silly audit report       cwe: [Array],
111 silly audit report       cvss: [Object]
111 silly audit report     }
111 silly audit report   ]
111 silly audit report }
112 silly packumentCache corgi:https://registry.npmjs.org/ajv cache-miss
113 silly packumentCache corgi:https://registry.npmjs.org/esbuild cache-miss
114 silly packumentCache corgi:https://registry.npmjs.org/minimatch cache-miss
115 silly packumentCache corgi:https://registry.npmjs.org/undici cache-miss
116 silly packumentCache corgi:https://registry.npmjs.org/xlsx cache-miss
117 http fetch GET 200 https://registry.npmjs.org/undici 63ms (cache updated)
118 silly packumentCache corgi:https://registry.npmjs.org/undici set size:undefined disposed:false
119 http fetch GET 200 https://registry.npmjs.org/esbuild 86ms (cache revalidated)
120 silly packumentCache corgi:https://registry.npmjs.org/esbuild set size:879341 disposed:false
121 http fetch GET 200 https://registry.npmjs.org/xlsx 93ms (cache revalidated)
122 silly packumentCache corgi:https://registry.npmjs.org/xlsx set size:134408 disposed:false
123 http fetch GET 200 https://registry.npmjs.org/minimatch 108ms (cache miss)
124 silly packumentCache corgi:https://registry.npmjs.org/minimatch set size:undefined disposed:false
125 http fetch GET 200 https://registry.npmjs.org/ajv 129ms (cache miss)
126 silly packumentCache corgi:https://registry.npmjs.org/ajv set size:undefined disposed:false
127 silly packumentCache corgi:https://registry.npmjs.org/@eslint%2feslintrc cache-miss
128 silly packumentCache corgi:https://registry.npmjs.org/eslint cache-miss
129 http fetch GET 200 https://registry.npmjs.org/@eslint%2feslintrc 60ms (cache miss)
130 silly packumentCache corgi:https://registry.npmjs.org/@eslint%2feslintrc set size:undefined disposed:false
131 http fetch GET 200 https://registry.npmjs.org/eslint 73ms (cache miss)
132 silly packumentCache corgi:https://registry.npmjs.org/eslint set size:undefined disposed:false
133 silly packumentCache corgi:https://registry.npmjs.org/vite cache-miss
134 http fetch GET 200 https://registry.npmjs.org/vite 92ms (cache updated)
135 silly packumentCache corgi:https://registry.npmjs.org/vite set size:undefined disposed:false
136 silly packumentCache corgi:https://registry.npmjs.org/@humanwhocodes%2fconfig-array cache-miss
137 silly packumentCache corgi:https://registry.npmjs.org/eslint-plugin-react cache-miss
138 silly packumentCache corgi:https://registry.npmjs.org/glob cache-miss
139 http fetch GET 200 https://registry.npmjs.org/glob 38ms (cache miss)
140 silly packumentCache corgi:https://registry.npmjs.org/glob set size:undefined disposed:false
141 http fetch GET 200 https://registry.npmjs.org/eslint-plugin-react 45ms (cache miss)
142 silly packumentCache corgi:https://registry.npmjs.org/eslint-plugin-react set size:undefined disposed:false
143 http fetch GET 200 https://registry.npmjs.org/@humanwhocodes%2fconfig-array 54ms (cache miss)
144 silly packumentCache corgi:https://registry.npmjs.org/@humanwhocodes%2fconfig-array set size:undefined disposed:false
145 silly packumentCache corgi:https://registry.npmjs.org/@firebase%2fauth-compat cache-miss
146 silly packumentCache corgi:https://registry.npmjs.org/@firebase%2fauth cache-miss
147 silly packumentCache corgi:https://registry.npmjs.org/@firebase%2ffirestore cache-miss
148 silly packumentCache corgi:https://registry.npmjs.org/@firebase%2ffunctions cache-miss
149 silly packumentCache corgi:https://registry.npmjs.org/@firebase%2fstorage cache-miss
150 http fetch GET 200 https://registry.npmjs.org/@firebase%2fauth-compat 326ms (cache updated)
151 silly packumentCache corgi:https://registry.npmjs.org/@firebase%2fauth-compat set size:undefined disposed:false
152 http fetch GET 200 https://registry.npmjs.org/@firebase%2fauth 772ms (cache updated)
153 silly packumentCache corgi:https://registry.npmjs.org/@firebase%2fauth set size:undefined disposed:false
154 http fetch GET 200 https://registry.npmjs.org/@firebase%2fstorage 857ms (cache updated)
155 silly packumentCache corgi:https://registry.npmjs.org/@firebase%2fstorage set size:undefined disposed:false
156 http fetch GET 200 https://registry.npmjs.org/@firebase%2ffirestore 931ms (cache updated)
157 silly packumentCache corgi:https://registry.npmjs.org/@firebase%2ffirestore set size:undefined disposed:false
158 http fetch GET 200 https://registry.npmjs.org/@firebase%2ffunctions 1013ms (cache updated)
159 silly packumentCache corgi:https://registry.npmjs.org/@firebase%2ffunctions set size:undefined disposed:false
160 silly packumentCache corgi:https://registry.npmjs.org/@vitejs%2fplugin-react cache-miss
161 http fetch GET 200 https://registry.npmjs.org/@vitejs%2fplugin-react 52ms (cache updated)
162 silly packumentCache corgi:https://registry.npmjs.org/@vitejs%2fplugin-react set size:undefined disposed:false
163 silly packumentCache corgi:https://registry.npmjs.org/firebase cache-miss
164 http fetch GET 200 https://registry.npmjs.org/firebase 405ms (cache updated)
165 silly packumentCache corgi:https://registry.npmjs.org/firebase set size:undefined disposed:false
166 silly packumentCache corgi:https://registry.npmjs.org/@firebase%2fstorage-compat cache-miss
167 http fetch GET 200 https://registry.npmjs.org/@firebase%2fstorage-compat 6872ms (cache updated)
168 silly packumentCache corgi:https://registry.npmjs.org/@firebase%2fstorage-compat set size:undefined disposed:false
169 silly packumentCache corgi:https://registry.npmjs.org/@firebase%2ffirestore-compat cache-miss
170 http fetch GET 200 https://registry.npmjs.org/@firebase%2ffirestore-compat 7897ms (cache updated)
171 silly packumentCache corgi:https://registry.npmjs.org/@firebase%2ffirestore-compat set size:undefined disposed:false
172 silly packumentCache corgi:https://registry.npmjs.org/@firebase%2ffunctions-compat cache-miss
173 http fetch GET 200 https://registry.npmjs.org/@firebase%2ffunctions-compat 6330ms (cache updated)
174 silly packumentCache corgi:https://registry.npmjs.org/@firebase%2ffunctions-compat set size:undefined disposed:false
175 silly ADD
176 silly ADD
177 silly ADD
178 silly ADD
179 silly ADD
180 silly ADD
181 silly ADD
182 silly ADD
183 silly ADD
184 silly ADD
185 silly ADD
186 silly ADD
187 silly ADD
188 silly ADD
189 silly ADD
190 silly ADD
191 silly ADD
192 silly ADD
193 silly ADD
194 silly ADD
195 silly ADD
196 silly ADD
197 silly ADD
198 silly ADD
199 silly ADD
200 silly ADD
201 silly ADD
202 silly ADD
203 silly ADD
204 silly ADD
205 silly ADD
206 silly ADD
207 silly ADD
208 silly ADD
209 silly ADD
210 silly ADD
211 silly ADD
212 silly ADD
213 silly ADD
214 silly ADD
215 silly ADD
216 silly ADD
217 silly ADD
218 silly ADD
219 silly ADD
220 silly ADD
221 verbose cwd /Users/moon-mac/Desktop/성경앱 dev/git.report
222 verbose os Darwin 24.6.0
223 verbose node v22.18.0
224 verbose npm  v10.9.3
225 verbose exit 0
226 info ok
